<?xml version="1.0" encoding="UTF-8"?>
<testsuite name="DepositWithdrawTest" tests="1" skipped="0" failures="0" errors="0" timestamp="2025-05-01T11:30:08" hostname="DESKTOP-41Q79Q6" time="0.014">
  <properties/>
  <testcase name="shouldThrowExceptionWhenDepositAmountIsNegative()" classname="DepositWithdrawTest" time="0.014"/>
  <system-out><![CDATA[]]></system-out>
  <system-err><![CDATA[]]></system-err>
</testsuite>
